[2021-04-08 03:15:36] local.ERROR: Undefined property: App\Http\Controllers\ClienteController::$ordenServicio {"exception":"[object] (ErrorException(code: 0): Undefined property: App\\Http\\Controllers\\ClienteController::$ordenServicio at C:\\xampp\\htdocs\\IntegracionWC\\branches\\IDistrivenus\\app\\Http\\Controllers\\ClienteController.php:26)
[stacktrace]
#0 C:\\xampp\\htdocs\\IntegracionWC\\branches\\IDistrivenus\\app\\Http\\Controllers\\ClienteController.php(26): Illuminate\\Foundation\\Bootstrap\\HandleExceptions->handleError(8, 'Undefined prope...', 'C:\\\\xampp\\\\htdocs...', 26, Array)
#1 C:\\xampp\\htdocs\\IntegracionWC\\branches\\IDistrivenus\\app\\Http\\Controllers\\ClienteController.php(22): App\\Http\\Controllers\\ClienteController->InicializarServiceClientWoo('https://detalli...', 'ck_a25203ab32fd...', 'cs_f898d40a0bee...')
#2 [internal function]: App\\Http\\Controllers\\ClienteController->__construct(Object(App\\Integracion\\Negocio\\Logica\\Producto\\ClienteServicio))
#3 C:\\xampp\\htdocs\\IntegracionWC\\branches\\IDistrivenus\\vendor\\laravel\\framework\\src\\Illuminate\\Container\\Container.php(849): ReflectionClass->newInstanceArgs(Array)
#4 C:\\xampp\\htdocs\\IntegracionWC\\branches\\IDistrivenus\\vendor\\laravel\\framework\\src\\Illuminate\\Container\\Container.php(691): Illuminate\\Container\\Container->build('App\\\\Http\\\\Contro...')
#5 C:\\xampp\\htdocs\\IntegracionWC\\branches\\IDistrivenus\\vendor\\laravel\\framework\\src\\Illuminate\\Foundation\\Application.php(796): Illuminate\\Container\\Container->resolve('App\\\\Http\\\\Contro...', Array, true)
#6 C:\\xampp\\htdocs\\IntegracionWC\\branches\\IDistrivenus\\vendor\\laravel\\framework\\src\\Illuminate\\Container\\Container.php(637): Illuminate\\Foundation\\Application->resolve('App\\\\Http\\\\Contro...', Array)
#7 C:\\xampp\\htdocs\\IntegracionWC\\branches\\IDistrivenus\\vendor\\laravel\\framework\\src\\Illuminate\\Foundation\\Application.php(781): Illuminate\\Container\\Container->make('App\\\\Http\\\\Contro...', Array)
#8 C:\\xampp\\htdocs\\IntegracionWC\\branches\\IDistrivenus\\vendor\\laravel\\framework\\src\\Illuminate\\Container\\Container.php(959): Illuminate\\Foundation\\Application->make('App\\\\Http\\\\Contro...')
#9 C:\\xampp\\htdocs\\IntegracionWC\\branches\\IDistrivenus\\vendor\\laravel\\framework\\src\\Illuminate\\Container\\Container.php(879): Illuminate\\Container\\Container->resolveClass(Object(ReflectionParameter))
#10 C:\\xampp\\htdocs\\IntegracionWC\\branches\\IDistrivenus\\vendor\\laravel\\framework\\src\\Illuminate\\Container\\Container.php(840): Illuminate\\Container\\Container->resolveDependencies(Array)
#11 C:\\xampp\\htdocs\\IntegracionWC\\branches\\IDistrivenus\\vendor\\laravel\\framework\\src\\Illuminate\\Container\\Container.php(691): Illuminate\\Container\\Container->build('App\\\\Http\\\\Contro...')
#12 C:\\xampp\\htdocs\\IntegracionWC\\branches\\IDistrivenus\\vendor\\laravel\\framework\\src\\Illuminate\\Foundation\\Application.php(796): Illuminate\\Container\\Container->resolve('App\\\\Http\\\\Contro...', Array, true)
#13 C:\\xampp\\htdocs\\IntegracionWC\\branches\\IDistrivenus\\vendor\\laravel\\framework\\src\\Illuminate\\Container\\Container.php(637): Illuminate\\Foundation\\Application->resolve('App\\\\Http\\\\Contro...', Array)
#14 C:\\xampp\\htdocs\\IntegracionWC\\branches\\IDistrivenus\\vendor\\laravel\\framework\\src\\Illuminate\\Foundation\\Application.php(781): Illuminate\\Container\\Container->make('App\\\\Http\\\\Contro...', Array)
#15 C:\\xampp\\htdocs\\IntegracionWC\\branches\\IDistrivenus\\vendor\\laravel\\framework\\src\\Illuminate\\Container\\Container.php(959): Illuminate\\Foundation\\Application->make('App\\\\Http\\\\Contro...')
#16 C:\\xampp\\htdocs\\IntegracionWC\\branches\\IDistrivenus\\vendor\\laravel\\framework\\src\\Illuminate\\Container\\Container.php(879): Illuminate\\Container\\Container->resolveClass(Object(ReflectionParameter))
#17 C:\\xampp\\htdocs\\IntegracionWC\\branches\\IDistrivenus\\vendor\\laravel\\framework\\src\\Illuminate\\Container\\Container.php(840): Illuminate\\Container\\Container->resolveDependencies(Array)
#18 C:\\xampp\\htdocs\\IntegracionWC\\branches\\IDistrivenus\\vendor\\laravel\\framework\\src\\Illuminate\\Container\\Container.php(691): Illuminate\\Container\\Container->build('App\\\\Console\\\\Com...')
#19 C:\\xampp\\htdocs\\IntegracionWC\\branches\\IDistrivenus\\vendor\\laravel\\framework\\src\\Illuminate\\Foundation\\Application.php(796): Illuminate\\Container\\Container->resolve('App\\\\Console\\\\Com...', Array, true)
#20 C:\\xampp\\htdocs\\IntegracionWC\\branches\\IDistrivenus\\vendor\\laravel\\framework\\src\\Illuminate\\Container\\Container.php(637): Illuminate\\Foundation\\Application->resolve('App\\\\Console\\\\Com...', Array)
#21 C:\\xampp\\htdocs\\IntegracionWC\\branches\\IDistrivenus\\vendor\\laravel\\framework\\src\\Illuminate\\Foundation\\Application.php(781): Illuminate\\Container\\Container->make('App\\\\Console\\\\Com...', Array)
#22 C:\\xampp\\htdocs\\IntegracionWC\\branches\\IDistrivenus\\vendor\\laravel\\framework\\src\\Illuminate\\Console\\Application.php(261): Illuminate\\Foundation\\Application->make('App\\\\Console\\\\Com...')
#23 C:\\xampp\\htdocs\\IntegracionWC\\branches\\IDistrivenus\\vendor\\laravel\\framework\\src\\Illuminate\\Foundation\\Console\\Kernel.php(232): Illuminate\\Console\\Application->resolve('App\\\\Console\\\\Com...')
#24 C:\\xampp\\htdocs\\IntegracionWC\\branches\\IDistrivenus\\vendor\\laravel\\framework\\src\\Illuminate\\Console\\Application.php(152): Illuminate\\Foundation\\Console\\Kernel->Illuminate\\Foundation\\Console\\{closure}(Object(Illuminate\\Console\\Application))
#25 C:\\xampp\\htdocs\\IntegracionWC\\branches\\IDistrivenus\\vendor\\laravel\\framework\\src\\Illuminate\\Console\\Application.php(75): Illuminate\\Console\\Application->bootstrap()
#26 C:\\xampp\\htdocs\\IntegracionWC\\branches\\IDistrivenus\\vendor\\laravel\\framework\\src\\Illuminate\\Foundation\\Console\\Kernel.php(330): Illuminate\\Console\\Application->__construct(Object(Illuminate\\Foundation\\Application), Object(Illuminate\\Events\\Dispatcher), '7.25.0')
#27 C:\\xampp\\htdocs\\IntegracionWC\\branches\\IDistrivenus\\vendor\\laravel\\framework\\src\\Illuminate\\Foundation\\Console\\Kernel.php(263): Illuminate\\Foundation\\Console\\Kernel->getArtisan()
#28 C:\\xampp\\htdocs\\IntegracionWC\\branches\\IDistrivenus\\vendor\\laravel\\framework\\src\\Illuminate\\Support\\Facades\\Facade.php(261): Illuminate\\Foundation\\Console\\Kernel->call('consumo:ordenes')
#29 C:\\xampp\\htdocs\\IntegracionWC\\branches\\IDistrivenus\outes\\web.php(44): Illuminate\\Support\\Facades\\Facade::__callStatic('call', Array)
#30 C:\\xampp\\htdocs\\IntegracionWC\\branches\\IDistrivenus\\vendor\\laravel\\framework\\src\\Illuminate\\Routing\\Route.php(225): Illuminate\\Routing\\RouteFileRegistrar->{closure}()
#31 C:\\xampp\\htdocs\\IntegracionWC\\branches\\IDistrivenus\\vendor\\laravel\\framework\\src\\Illuminate\\Routing\\Route.php(199): Illuminate\\Routing\\Route->runCallable()
#32 C:\\xampp\\htdocs\\IntegracionWC\\branches\\IDistrivenus\\vendor\\laravel\\framework\\src\\Illuminate\\Routing\\Router.php(685): Illuminate\\Routing\\Route->run()
#33 C:\\xampp\\htdocs\\IntegracionWC\\branches\\IDistrivenus\\vendor\\laravel\\framework\\src\\Illuminate\\Pipeline\\Pipeline.php(128): Illuminate\\Routing\\Router->Illuminate\\Routing\\{closure}(Object(Illuminate\\Http\\Request))
#34 C:\\xampp\\htdocs\\IntegracionWC\\branches\\IDistrivenus\\vendor\\laravel\\framework\\src\\Illuminate\\Routing\\Middleware\\SubstituteBindings.php(41): Illuminate\\Pipeline\\Pipeline->Illuminate\\Pipeline\\{closure}(Object(Illuminate\\Http\\Request))
#35 C:\\xampp\\htdocs\\IntegracionWC\\branches\\IDistrivenus\\vendor\\laravel\\framework\\src\\Illuminate\\Pipeline\\Pipeline.php(167): Illuminate\\Routing\\Middleware\\SubstituteBindings->handle(Object(Illuminate\\Http\\Request), Object(Closure))
#36 C:\\xampp\\htdocs\\IntegracionWC\\branches\\IDistrivenus\\vendor\\laravel\\framework\\src\\Illuminate\\Foundation\\Http\\Middleware\\VerifyCsrfToken.php(77): Illuminate\\Pipeline\\Pipeline->Illuminate\\Pipeline\\{closure}(Object(Illuminate\\Http\\Request))
#37 C:\\xampp\\htdocs\\IntegracionWC\\branches\\IDistrivenus\\vendor\\laravel\\framework\\src\\Illuminate\\Pipeline\\Pipeline.php(167): Illuminate\\Foundation\\Http\\Middleware\\VerifyCsrfToken->handle(Object(Illuminate\\Http\\Request), Object(Closure))
#38 C:\\xampp\\htdocs\\IntegracionWC\\branches\\IDistrivenus\\vendor\\laravel\\framework\\src\\Illuminate\\View\\Middleware\\ShareErrorsFromSession.php(49): Illuminate\\Pipeline\\Pipeline->Illuminate\\Pipeline\\{closure}(Object(Illuminate\\Http\\Request))
#39 C:\\xampp\\htdocs\\IntegracionWC\\branches\\IDistrivenus\\vendor\\laravel\\framework\\src\\Illuminate\\Pipeline\\Pipeline.php(167): Illuminate\\View\\Middleware\\ShareErrorsFromSession->handle(Object(Illuminate\\Http\\Request), Object(Closure))
#40 C:\\xampp\\htdocs\\IntegracionWC\\branches\\IDistrivenus\\vendor\\laravel\\framework\\src\\Illuminate\\Session\\Middleware\\StartSession.php(116): Illuminate\\Pipeline\\Pipeline->Illuminate\\Pipeline\\{closure}(Object(Illuminate\\Http\\Request))
#41 C:\\xampp\\htdocs\\IntegracionWC\\branches\\IDistrivenus\\vendor\\laravel\\framework\\src\\Illuminate\\Session\\Middleware\\StartSession.php(62): Illuminate\\Session\\Middleware\\StartSession->handleStatefulRequest(Object(Illuminate\\Http\\Request), Object(Illuminate\\Session\\Store), Object(Closure))
#42 C:\\xampp\\htdocs\\IntegracionWC\\branches\\IDistrivenus\\vendor\\laravel\\framework\\src\\Illuminate\\Pipeline\\Pipeline.php(167): Illuminate\\Session\\Middleware\\StartSession->handle(Object(Illuminate\\Http\\Request), Object(Closure))
#43 C:\\xampp\\htdocs\\IntegracionWC\\branches\\IDistrivenus\\vendor\\laravel\\framework\\src\\Illuminate\\Cookie\\Middleware\\AddQueuedCookiesToResponse.php(37): Illuminate\\Pipeline\\Pipeline->Illuminate\\Pipeline\\{closure}(Object(Illuminate\\Http\\Request))
#44 C:\\xampp\\htdocs\\IntegracionWC\\branches\\IDistrivenus\\vendor\\laravel\\framework\\src\\Illuminate\\Pipeline\\Pipeline.php(167): Illuminate\\Cookie\\Middleware\\AddQueuedCookiesToResponse->handle(Object(Illuminate\\Http\\Request), Object(Closure))
#45 C:\\xampp\\htdocs\\IntegracionWC\\branches\\IDistrivenus\\vendor\\laravel\\framework\\src\\Illuminate\\Cookie\\Middleware\\EncryptCookies.php(67): Illuminate\\Pipeline\\Pipeline->Illuminate\\Pipeline\\{closure}(Object(Illuminate\\Http\\Request))
#46 C:\\xampp\\htdocs\\IntegracionWC\\branches\\IDistrivenus\\vendor\\laravel\\framework\\src\\Illuminate\\Pipeline\\Pipeline.php(167): Illuminate\\Cookie\\Middleware\\EncryptCookies->handle(Object(Illuminate\\Http\\Request), Object(Closure))
#47 C:\\xampp\\htdocs\\IntegracionWC\\branches\\IDistrivenus\\vendor\\laravel\\framework\\src\\Illuminate\\Pipeline\\Pipeline.php(103): Illuminate\\Pipeline\\Pipeline->Illuminate\\Pipeline\\{closure}(Object(Illuminate\\Http\\Request))
#48 C:\\xampp\\htdocs\\IntegracionWC\\branches\\IDistrivenus\\vendor\\laravel\\framework\\src\\Illuminate\\Routing\\Router.php(687): Illuminate\\Pipeline\\Pipeline->then(Object(Closure))
#49 C:\\xampp\\htdocs\\IntegracionWC\\branches\\IDistrivenus\\vendor\\laravel\\framework\\src\\Illuminate\\Routing\\Router.php(662): Illuminate\\Routing\\Router->runRouteWithinStack(Object(Illuminate\\Routing\\Route), Object(Illuminate\\Http\\Request))
#50 C:\\xampp\\htdocs\\IntegracionWC\\branches\\IDistrivenus\\vendor\\laravel\\framework\\src\\Illuminate\\Routing\\Router.php(628): Illuminate\\Routing\\Router->runRoute(Object(Illuminate\\Http\\Request), Object(Illuminate\\Routing\\Route))
#51 C:\\xampp\\htdocs\\IntegracionWC\\branches\\IDistrivenus\\vendor\\laravel\\framework\\src\\Illuminate\\Routing\\Router.php(617): Illuminate\\Routing\\Router->dispatchToRoute(Object(Illuminate\\Http\\Request))
#52 C:\\xampp\\htdocs\\IntegracionWC\\branches\\IDistrivenus\\vendor\\laravel\\framework\\src\\Illuminate\\Foundation\\Http\\Kernel.php(165): Illuminate\\Routing\\Router->dispatch(Object(Illuminate\\Http\\Request))
#53 C:\\xampp\\htdocs\\IntegracionWC\\branches\\IDistrivenus\\vendor\\laravel\\framework\\src\\Illuminate\\Pipeline\\Pipeline.php(128): Illuminate\\Foundation\\Http\\Kernel->Illuminate\\Foundation\\Http\\{closure}(Object(Illuminate\\Http\\Request))
#54 C:\\xampp\\htdocs\\IntegracionWC\\branches\\IDistrivenus\\vendor\\laravel\\framework\\src\\Illuminate\\Foundation\\Http\\Middleware\\TransformsRequest.php(21): Illuminate\\Pipeline\\Pipeline->Illuminate\\Pipeline\\{closure}(Object(Illuminate\\Http\\Request))
#55 C:\\xampp\\htdocs\\IntegracionWC\\branches\\IDistrivenus\\vendor\\laravel\\framework\\src\\Illuminate\\Pipeline\\Pipeline.php(167): Illuminate\\Foundation\\Http\\Middleware\\TransformsRequest->handle(Object(Illuminate\\Http\\Request), Object(Closure))
#56 C:\\xampp\\htdocs\\IntegracionWC\\branches\\IDistrivenus\\vendor\\laravel\\framework\\src\\Illuminate\\Foundation\\Http\\Middleware\\TransformsRequest.php(21): Illuminate\\Pipeline\\Pipeline->Illuminate\\Pipeline\\{closure}(Object(Illuminate\\Http\\Request))
#57 C:\\xampp\\htdocs\\IntegracionWC\\branches\\IDistrivenus\\vendor\\laravel\\framework\\src\\Illuminate\\Pipeline\\Pipeline.php(167): Illuminate\\Foundation\\Http\\Middleware\\TransformsRequest->handle(Object(Illuminate\\Http\\Request), Object(Closure))
#58 C:\\xampp\\htdocs\\IntegracionWC\\branches\\IDistrivenus\\vendor\\laravel\\framework\\src\\Illuminate\\Foundation\\Http\\Middleware\\ValidatePostSize.php(27): Illuminate\\Pipeline\\Pipeline->Illuminate\\Pipeline\\{closure}(Object(Illuminate\\Http\\Request))
#59 C:\\xampp\\htdocs\\IntegracionWC\\branches\\IDistrivenus\\vendor\\laravel\\framework\\src\\Illuminate\\Pipeline\\Pipeline.php(167): Illuminate\\Foundation\\Http\\Middleware\\ValidatePostSize->handle(Object(Illuminate\\Http\\Request), Object(Closure))
#60 C:\\xampp\\htdocs\\IntegracionWC\\branches\\IDistrivenus\\vendor\\laravel\\framework\\src\\Illuminate\\Foundation\\Http\\Middleware\\CheckForMaintenanceMode.php(63): Illuminate\\Pipeline\\Pipeline->Illuminate\\Pipeline\\{closure}(Object(Illuminate\\Http\\Request))
#61 C:\\xampp\\htdocs\\IntegracionWC\\branches\\IDistrivenus\\vendor\\laravel\\framework\\src\\Illuminate\\Pipeline\\Pipeline.php(167): Illuminate\\Foundation\\Http\\Middleware\\CheckForMaintenanceMode->handle(Object(Illuminate\\Http\\Request), Object(Closure))
#62 C:\\xampp\\htdocs\\IntegracionWC\\branches\\IDistrivenus\\vendor\\fruitcake\\laravel-cors\\src\\HandleCors.php(37): Illuminate\\Pipeline\\Pipeline->Illuminate\\Pipeline\\{closure}(Object(Illuminate\\Http\\Request))
#63 C:\\xampp\\htdocs\\IntegracionWC\\branches\\IDistrivenus\\vendor\\laravel\\framework\\src\\Illuminate\\Pipeline\\Pipeline.php(167): Fruitcake\\Cors\\HandleCors->handle(Object(Illuminate\\Http\\Request), Object(Closure))
#64 C:\\xampp\\htdocs\\IntegracionWC\\branches\\IDistrivenus\\vendor\\fideloper\\proxy\\src\\TrustProxies.php(57): Illuminate\\Pipeline\\Pipeline->Illuminate\\Pipeline\\{closure}(Object(Illuminate\\Http\\Request))
#65 C:\\xampp\\htdocs\\IntegracionWC\\branches\\IDistrivenus\\vendor\\laravel\\framework\\src\\Illuminate\\Pipeline\\Pipeline.php(167): Fideloper\\Proxy\\TrustProxies->handle(Object(Illuminate\\Http\\Request), Object(Closure))
#66 C:\\xampp\\htdocs\\IntegracionWC\\branches\\IDistrivenus\\vendor\\laravel\\framework\\src\\Illuminate\\Pipeline\\Pipeline.php(103): Illuminate\\Pipeline\\Pipeline->Illuminate\\Pipeline\\{closure}(Object(Illuminate\\Http\\Request))
#67 C:\\xampp\\htdocs\\IntegracionWC\\branches\\IDistrivenus\\vendor\\laravel\\framework\\src\\Illuminate\\Foundation\\Http\\Kernel.php(140): Illuminate\\Pipeline\\Pipeline->then(Object(Closure))
#68 C:\\xampp\\htdocs\\IntegracionWC\\branches\\IDistrivenus\\vendor\\laravel\\framework\\src\\Illuminate\\Foundation\\Http\\Kernel.php(109): Illuminate\\Foundation\\Http\\Kernel->sendRequestThroughRouter(Object(Illuminate\\Http\\Request))
#69 C:\\xampp\\htdocs\\IntegracionWC\\branches\\IDistrivenus\\public\\index.php(55): Illuminate\\Foundation\\Http\\Kernel->handle(Object(Illuminate\\Http\\Request))
#70 {main}
"} 
[2021-04-08 03:16:20] local.ERROR: Call to undefined method App\Integracion\Negocio\Logica\Producto\ClienteServicio::InicializarServiceClientWoo() {"exception":"[object] (Error(code: 0): Call to undefined method App\\Integracion\\Negocio\\Logica\\Producto\\ClienteServicio::InicializarServiceClientWoo() at C:\\xampp\\htdocs\\IntegracionWC\\branches\\IDistrivenus\\app\\Http\\Controllers\\ClienteController.php:26)
[stacktrace]
#0 C:\\xampp\\htdocs\\IntegracionWC\\branches\\IDistrivenus\\app\\Http\\Controllers\\ClienteController.php(22): App\\Http\\Controllers\\ClienteController->InicializarServiceClientWoo('https://detalli...', 'ck_a25203ab32fd...', 'cs_f898d40a0bee...')
#1 [internal function]: App\\Http\\Controllers\\ClienteController->__construct(Object(App\\Integracion\\Negocio\\Logica\\Producto\\ClienteServicio))
#2 C:\\xampp\\htdocs\\IntegracionWC\\branches\\IDistrivenus\\vendor\\laravel\\framework\\src\\Illuminate\\Container\\Container.php(849): ReflectionClass->newInstanceArgs(Array)
#3 C:\\xampp\\htdocs\\IntegracionWC\\branches\\IDistrivenus\\vendor\\laravel\\framework\\src\\Illuminate\\Container\\Container.php(691): Illuminate\\Container\\Container->build('App\\\\Http\\\\Contro...')
#4 C:\\xampp\\htdocs\\IntegracionWC\\branches\\IDistrivenus\\vendor\\laravel\\framework\\src\\Illuminate\\Foundation\\Application.php(796): Illuminate\\Container\\Container->resolve('App\\\\Http\\\\Contro...', Array, true)
#5 C:\\xampp\\htdocs\\IntegracionWC\\branches\\IDistrivenus\\vendor\\laravel\\framework\\src\\Illuminate\\Container\\Container.php(637): Illuminate\\Foundation\\Application->resolve('App\\\\Http\\\\Contro...', Array)
#6 C:\\xampp\\htdocs\\IntegracionWC\\branches\\IDistrivenus\\vendor\\laravel\\framework\\src\\Illuminate\\Foundation\\Application.php(781): Illuminate\\Container\\Container->make('App\\\\Http\\\\Contro...', Array)
#7 C:\\xampp\\htdocs\\IntegracionWC\\branches\\IDistrivenus\\vendor\\laravel\\framework\\src\\Illuminate\\Container\\Container.php(959): Illuminate\\Foundation\\Application->make('App\\\\Http\\\\Contro...')
#8 C:\\xampp\\htdocs\\IntegracionWC\\branches\\IDistrivenus\\vendor\\laravel\\framework\\src\\Illuminate\\Container\\Container.php(879): Illuminate\\Container\\Container->resolveClass(Object(ReflectionParameter))
#9 C:\\xampp\\htdocs\\IntegracionWC\\branches\\IDistrivenus\\vendor\\laravel\\framework\\src\\Illuminate\\Container\\Container.php(840): Illuminate\\Container\\Container->resolveDependencies(Array)
#10 C:\\xampp\\htdocs\\IntegracionWC\\branches\\IDistrivenus\\vendor\\laravel\\framework\\src\\Illuminate\\Container\\Container.php(691): Illuminate\\Container\\Container->build('App\\\\Http\\\\Contro...')
#11 C:\\xampp\\htdocs\\IntegracionWC\\branches\\IDistrivenus\\vendor\\laravel\\framework\\src\\Illuminate\\Foundation\\Application.php(796): Illuminate\\Container\\Container->resolve('App\\\\Http\\\\Contro...', Array, true)
#12 C:\\xampp\\htdocs\\IntegracionWC\\branches\\IDistrivenus\\vendor\\laravel\\framework\\src\\Illuminate\\Container\\Container.php(637): Illuminate\\Foundation\\Application->resolve('App\\\\Http\\\\Contro...', Array)
#13 C:\\xampp\\htdocs\\IntegracionWC\\branches\\IDistrivenus\\vendor\\laravel\\framework\\src\\Illuminate\\Foundation\\Application.php(781): Illuminate\\Container\\Container->make('App\\\\Http\\\\Contro...', Array)
#14 C:\\xampp\\htdocs\\IntegracionWC\\branches\\IDistrivenus\\vendor\\laravel\\framework\\src\\Illuminate\\Container\\Container.php(959): Illuminate\\Foundation\\Application->make('App\\\\Http\\\\Contro...')
#15 C:\\xampp\\htdocs\\IntegracionWC\\branches\\IDistrivenus\\vendor\\laravel\\framework\\src\\Illuminate\\Container\\Container.php(879): Illuminate\\Container\\Container->resolveClass(Object(ReflectionParameter))
#16 C:\\xampp\\htdocs\\IntegracionWC\\branches\\IDistrivenus\\vendor\\laravel\\framework\\src\\Illuminate\\Container\\Container.php(840): Illuminate\\Container\\Container->resolveDependencies(Array)
#17 C:\\xampp\\htdocs\\IntegracionWC\\branches\\IDistrivenus\\vendor\\laravel\\framework\\src\\Illuminate\\Container\\Container.php(691): Illuminate\\Container\\Container->build('App\\\\Console\\\\Com...')
#18 C:\\xampp\\htdocs\\IntegracionWC\\branches\\IDistrivenus\\vendor\\laravel\\framework\\src\\Illuminate\\Foundation\\Application.php(796): Illuminate\\Container\\Container->resolve('App\\\\Console\\\\Com...', Array, true)
#19 C:\\xampp\\htdocs\\IntegracionWC\\branches\\IDistrivenus\\vendor\\laravel\\framework\\src\\Illuminate\\Container\\Container.php(637): Illuminate\\Foundation\\Application->resolve('App\\\\Console\\\\Com...', Array)
#20 C:\\xampp\\htdocs\\IntegracionWC\\branches\\IDistrivenus\\vendor\\laravel\\framework\\src\\Illuminate\\Foundation\\Application.php(781): Illuminate\\Container\\Container->make('App\\\\Console\\\\Com...', Array)
#21 C:\\xampp\\htdocs\\IntegracionWC\\branches\\IDistrivenus\\vendor\\laravel\\framework\\src\\Illuminate\\Console\\Application.php(261): Illuminate\\Foundation\\Application->make('App\\\\Console\\\\Com...')
#22 C:\\xampp\\htdocs\\IntegracionWC\\branches\\IDistrivenus\\vendor\\laravel\\framework\\src\\Illuminate\\Foundation\\Console\\Kernel.php(232): Illuminate\\Console\\Application->resolve('App\\\\Console\\\\Com...')
#23 C:\\xampp\\htdocs\\IntegracionWC\\branches\\IDistrivenus\\vendor\\laravel\\framework\\src\\Illuminate\\Console\\Application.php(152): Illuminate\\Foundation\\Console\\Kernel->Illuminate\\Foundation\\Console\\{closure}(Object(Illuminate\\Console\\Application))
#24 C:\\xampp\\htdocs\\IntegracionWC\\branches\\IDistrivenus\\vendor\\laravel\\framework\\src\\Illuminate\\Console\\Application.php(75): Illuminate\\Console\\Application->bootstrap()
#25 C:\\xampp\\htdocs\\IntegracionWC\\branches\\IDistrivenus\\vendor\\laravel\\framework\\src\\Illuminate\\Foundation\\Console\\Kernel.php(330): Illuminate\\Console\\Application->__construct(Object(Illuminate\\Foundation\\Application), Object(Illuminate\\Events\\Dispatcher), '7.25.0')
#26 C:\\xampp\\htdocs\\IntegracionWC\\branches\\IDistrivenus\\vendor\\laravel\\framework\\src\\Illuminate\\Foundation\\Console\\Kernel.php(263): Illuminate\\Foundation\\Console\\Kernel->getArtisan()
#27 C:\\xampp\\htdocs\\IntegracionWC\\branches\\IDistrivenus\\vendor\\laravel\\framework\\src\\Illuminate\\Support\\Facades\\Facade.php(261): Illuminate\\Foundation\\Console\\Kernel->call('consumo:ordenes')
#28 C:\\xampp\\htdocs\\IntegracionWC\\branches\\IDistrivenus\outes\\web.php(44): Illuminate\\Support\\Facades\\Facade::__callStatic('call', Array)
#29 C:\\xampp\\htdocs\\IntegracionWC\\branches\\IDistrivenus\\vendor\\laravel\\framework\\src\\Illuminate\\Routing\\Route.php(225): Illuminate\\Routing\\RouteFileRegistrar->{closure}()
#30 C:\\xampp\\htdocs\\IntegracionWC\\branches\\IDistrivenus\\vendor\\laravel\\framework\\src\\Illuminate\\Routing\\Route.php(199): Illuminate\\Routing\\Route->runCallable()
#31 C:\\xampp\\htdocs\\IntegracionWC\\branches\\IDistrivenus\\vendor\\laravel\\framework\\src\\Illuminate\\Routing\\Router.php(685): Illuminate\\Routing\\Route->run()
#32 C:\\xampp\\htdocs\\IntegracionWC\\branches\\IDistrivenus\\vendor\\laravel\\framework\\src\\Illuminate\\Pipeline\\Pipeline.php(128): Illuminate\\Routing\\Router->Illuminate\\Routing\\{closure}(Object(Illuminate\\Http\\Request))
#33 C:\\xampp\\htdocs\\IntegracionWC\\branches\\IDistrivenus\\vendor\\laravel\\framework\\src\\Illuminate\\Routing\\Middleware\\SubstituteBindings.php(41): Illuminate\\Pipeline\\Pipeline->Illuminate\\Pipeline\\{closure}(Object(Illuminate\\Http\\Request))
#34 C:\\xampp\\htdocs\\IntegracionWC\\branches\\IDistrivenus\\vendor\\laravel\\framework\\src\\Illuminate\\Pipeline\\Pipeline.php(167): Illuminate\\Routing\\Middleware\\SubstituteBindings->handle(Object(Illuminate\\Http\\Request), Object(Closure))
#35 C:\\xampp\\htdocs\\IntegracionWC\\branches\\IDistrivenus\\vendor\\laravel\\framework\\src\\Illuminate\\Foundation\\Http\\Middleware\\VerifyCsrfToken.php(77): Illuminate\\Pipeline\\Pipeline->Illuminate\\Pipeline\\{closure}(Object(Illuminate\\Http\\Request))
#36 C:\\xampp\\htdocs\\IntegracionWC\\branches\\IDistrivenus\\vendor\\laravel\\framework\\src\\Illuminate\\Pipeline\\Pipeline.php(167): Illuminate\\Foundation\\Http\\Middleware\\VerifyCsrfToken->handle(Object(Illuminate\\Http\\Request), Object(Closure))
#37 C:\\xampp\\htdocs\\IntegracionWC\\branches\\IDistrivenus\\vendor\\laravel\\framework\\src\\Illuminate\\View\\Middleware\\ShareErrorsFromSession.php(49): Illuminate\\Pipeline\\Pipeline->Illuminate\\Pipeline\\{closure}(Object(Illuminate\\Http\\Request))
#38 C:\\xampp\\htdocs\\IntegracionWC\\branches\\IDistrivenus\\vendor\\laravel\\framework\\src\\Illuminate\\Pipeline\\Pipeline.php(167): Illuminate\\View\\Middleware\\ShareErrorsFromSession->handle(Object(Illuminate\\Http\\Request), Object(Closure))
#39 C:\\xampp\\htdocs\\IntegracionWC\\branches\\IDistrivenus\\vendor\\laravel\\framework\\src\\Illuminate\\Session\\Middleware\\StartSession.php(116): Illuminate\\Pipeline\\Pipeline->Illuminate\\Pipeline\\{closure}(Object(Illuminate\\Http\\Request))
#40 C:\\xampp\\htdocs\\IntegracionWC\\branches\\IDistrivenus\\vendor\\laravel\\framework\\src\\Illuminate\\Session\\Middleware\\StartSession.php(62): Illuminate\\Session\\Middleware\\StartSession->handleStatefulRequest(Object(Illuminate\\Http\\Request), Object(Illuminate\\Session\\Store), Object(Closure))
#41 C:\\xampp\\htdocs\\IntegracionWC\\branches\\IDistrivenus\\vendor\\laravel\\framework\\src\\Illuminate\\Pipeline\\Pipeline.php(167): Illuminate\\Session\\Middleware\\StartSession->handle(Object(Illuminate\\Http\\Request), Object(Closure))
#42 C:\\xampp\\htdocs\\IntegracionWC\\branches\\IDistrivenus\\vendor\\laravel\\framework\\src\\Illuminate\\Cookie\\Middleware\\AddQueuedCookiesToResponse.php(37): Illuminate\\Pipeline\\Pipeline->Illuminate\\Pipeline\\{closure}(Object(Illuminate\\Http\\Request))
#43 C:\\xampp\\htdocs\\IntegracionWC\\branches\\IDistrivenus\\vendor\\laravel\\framework\\src\\Illuminate\\Pipeline\\Pipeline.php(167): Illuminate\\Cookie\\Middleware\\AddQueuedCookiesToResponse->handle(Object(Illuminate\\Http\\Request), Object(Closure))
#44 C:\\xampp\\htdocs\\IntegracionWC\\branches\\IDistrivenus\\vendor\\laravel\\framework\\src\\Illuminate\\Cookie\\Middleware\\EncryptCookies.php(67): Illuminate\\Pipeline\\Pipeline->Illuminate\\Pipeline\\{closure}(Object(Illuminate\\Http\\Request))
#45 C:\\xampp\\htdocs\\IntegracionWC\\branches\\IDistrivenus\\vendor\\laravel\\framework\\src\\Illuminate\\Pipeline\\Pipeline.php(167): Illuminate\\Cookie\\Middleware\\EncryptCookies->handle(Object(Illuminate\\Http\\Request), Object(Closure))
#46 C:\\xampp\\htdocs\\IntegracionWC\\branches\\IDistrivenus\\vendor\\laravel\\framework\\src\\Illuminate\\Pipeline\\Pipeline.php(103): Illuminate\\Pipeline\\Pipeline->Illuminate\\Pipeline\\{closure}(Object(Illuminate\\Http\\Request))
#47 C:\\xampp\\htdocs\\IntegracionWC\\branches\\IDistrivenus\\vendor\\laravel\\framework\\src\\Illuminate\\Routing\\Router.php(687): Illuminate\\Pipeline\\Pipeline->then(Object(Closure))
#48 C:\\xampp\\htdocs\\IntegracionWC\\branches\\IDistrivenus\\vendor\\laravel\\framework\\src\\Illuminate\\Routing\\Router.php(662): Illuminate\\Routing\\Router->runRouteWithinStack(Object(Illuminate\\Routing\\Route), Object(Illuminate\\Http\\Request))
#49 C:\\xampp\\htdocs\\IntegracionWC\\branches\\IDistrivenus\\vendor\\laravel\\framework\\src\\Illuminate\\Routing\\Router.php(628): Illuminate\\Routing\\Router->runRoute(Object(Illuminate\\Http\\Request), Object(Illuminate\\Routing\\Route))
#50 C:\\xampp\\htdocs\\IntegracionWC\\branches\\IDistrivenus\\vendor\\laravel\\framework\\src\\Illuminate\\Routing\\Router.php(617): Illuminate\\Routing\\Router->dispatchToRoute(Object(Illuminate\\Http\\Request))
#51 C:\\xampp\\htdocs\\IntegracionWC\\branches\\IDistrivenus\\vendor\\laravel\\framework\\src\\Illuminate\\Foundation\\Http\\Kernel.php(165): Illuminate\\Routing\\Router->dispatch(Object(Illuminate\\Http\\Request))
#52 C:\\xampp\\htdocs\\IntegracionWC\\branches\\IDistrivenus\\vendor\\laravel\\framework\\src\\Illuminate\\Pipeline\\Pipeline.php(128): Illuminate\\Foundation\\Http\\Kernel->Illuminate\\Foundation\\Http\\{closure}(Object(Illuminate\\Http\\Request))
#53 C:\\xampp\\htdocs\\IntegracionWC\\branches\\IDistrivenus\\vendor\\laravel\\framework\\src\\Illuminate\\Foundation\\Http\\Middleware\\TransformsRequest.php(21): Illuminate\\Pipeline\\Pipeline->Illuminate\\Pipeline\\{closure}(Object(Illuminate\\Http\\Request))
#54 C:\\xampp\\htdocs\\IntegracionWC\\branches\\IDistrivenus\\vendor\\laravel\\framework\\src\\Illuminate\\Pipeline\\Pipeline.php(167): Illuminate\\Foundation\\Http\\Middleware\\TransformsRequest->handle(Object(Illuminate\\Http\\Request), Object(Closure))
#55 C:\\xampp\\htdocs\\IntegracionWC\\branches\\IDistrivenus\\vendor\\laravel\\framework\\src\\Illuminate\\Foundation\\Http\\Middleware\\TransformsRequest.php(21): Illuminate\\Pipeline\\Pipeline->Illuminate\\Pipeline\\{closure}(Object(Illuminate\\Http\\Request))
#56 C:\\xampp\\htdocs\\IntegracionWC\\branches\\IDistrivenus\\vendor\\laravel\\framework\\src\\Illuminate\\Pipeline\\Pipeline.php(167): Illuminate\\Foundation\\Http\\Middleware\\TransformsRequest->handle(Object(Illuminate\\Http\\Request), Object(Closure))
#57 C:\\xampp\\htdocs\\IntegracionWC\\branches\\IDistrivenus\\vendor\\laravel\\framework\\src\\Illuminate\\Foundation\\Http\\Middleware\\ValidatePostSize.php(27): Illuminate\\Pipeline\\Pipeline->Illuminate\\Pipeline\\{closure}(Object(Illuminate\\Http\\Request))
#58 C:\\xampp\\htdocs\\IntegracionWC\\branches\\IDistrivenus\\vendor\\laravel\\framework\\src\\Illuminate\\Pipeline\\Pipeline.php(167): Illuminate\\Foundation\\Http\\Middleware\\ValidatePostSize->handle(Object(Illuminate\\Http\\Request), Object(Closure))
#59 C:\\xampp\\htdocs\\IntegracionWC\\branches\\IDistrivenus\\vendor\\laravel\\framework\\src\\Illuminate\\Foundation\\Http\\Middleware\\CheckForMaintenanceMode.php(63): Illuminate\\Pipeline\\Pipeline->Illuminate\\Pipeline\\{closure}(Object(Illuminate\\Http\\Request))
#60 C:\\xampp\\htdocs\\IntegracionWC\\branches\\IDistrivenus\\vendor\\laravel\\framework\\src\\Illuminate\\Pipeline\\Pipeline.php(167): Illuminate\\Foundation\\Http\\Middleware\\CheckForMaintenanceMode->handle(Object(Illuminate\\Http\\Request), Object(Closure))
#61 C:\\xampp\\htdocs\\IntegracionWC\\branches\\IDistrivenus\\vendor\\fruitcake\\laravel-cors\\src\\HandleCors.php(37): Illuminate\\Pipeline\\Pipeline->Illuminate\\Pipeline\\{closure}(Object(Illuminate\\Http\\Request))
#62 C:\\xampp\\htdocs\\IntegracionWC\\branches\\IDistrivenus\\vendor\\laravel\\framework\\src\\Illuminate\\Pipeline\\Pipeline.php(167): Fruitcake\\Cors\\HandleCors->handle(Object(Illuminate\\Http\\Request), Object(Closure))
#63 C:\\xampp\\htdocs\\IntegracionWC\\branches\\IDistrivenus\\vendor\\fideloper\\proxy\\src\\TrustProxies.php(57): Illuminate\\Pipeline\\Pipeline->Illuminate\\Pipeline\\{closure}(Object(Illuminate\\Http\\Request))
#64 C:\\xampp\\htdocs\\IntegracionWC\\branches\\IDistrivenus\\vendor\\laravel\\framework\\src\\Illuminate\\Pipeline\\Pipeline.php(167): Fideloper\\Proxy\\TrustProxies->handle(Object(Illuminate\\Http\\Request), Object(Closure))
#65 C:\\xampp\\htdocs\\IntegracionWC\\branches\\IDistrivenus\\vendor\\laravel\\framework\\src\\Illuminate\\Pipeline\\Pipeline.php(103): Illuminate\\Pipeline\\Pipeline->Illuminate\\Pipeline\\{closure}(Object(Illuminate\\Http\\Request))
#66 C:\\xampp\\htdocs\\IntegracionWC\\branches\\IDistrivenus\\vendor\\laravel\\framework\\src\\Illuminate\\Foundation\\Http\\Kernel.php(140): Illuminate\\Pipeline\\Pipeline->then(Object(Closure))
#67 C:\\xampp\\htdocs\\IntegracionWC\\branches\\IDistrivenus\\vendor\\laravel\\framework\\src\\Illuminate\\Foundation\\Http\\Kernel.php(109): Illuminate\\Foundation\\Http\\Kernel->sendRequestThroughRouter(Object(Illuminate\\Http\\Request))
#68 C:\\xampp\\htdocs\\IntegracionWC\\branches\\IDistrivenus\\public\\index.php(55): Illuminate\\Foundation\\Http\\Kernel->handle(Object(Illuminate\\Http\\Request))
#69 {main}
"} 
[2021-04-07 22:41:13] local.INFO: Se han creado las ordenes con exito {"Ordenes Creadas":[{"id":15067,"parent_id":0,"status":"on-hold","currency":"COP","version":"5.1.0","prices_include_tax":false,"date_created":"2021-04-07T21:35:29","date_modified":"2021-04-07T21:35:29","discount_total":"0","discount_tax":"0","shipping_total":"5500","shipping_tax":"0","cart_tax":"0","total":"24282","total_tax":"0","customer_id":1,"order_key":"wc_order_9X5oiEDEpoMGK","billing":{"first_name":"anderson","last_name":"zapata","company":"","address_1":"calle 10","address_2":"","city":"Medellin","state":"ANT","postcode":"","country":"CO","email":"anderson@wearpump.com","phone":"57598384"},"shipping":{"first_name":"anderson","last_name":"zapata","company":"","address_1":"calle 10","address_2":"","city":"Medellin","state":"ANT","postcode":"","country":"CO"},"payment_method":"bacs","payment_method_title":"Transferencia bancaria directa","transaction_id":"","customer_ip_address":"179.12.223.145","customer_user_agent":"Mozilla/5.0 (Windows NT 10.0; Win64; x64) AppleWebKit/537.36 (KHTML, like Gecko) Chrome/89.0.4389.114 Safari/537.36","created_via":"checkout","customer_note":"","date_completed":null,"date_paid":null,"cart_hash":"47f93948834a6c586a1b4fab6551e5a9","number":"15067","meta_data":[{"id":269356,"key":"_billing_cedula","value":"1234567890"},{"id":269357,"key":"is_vat_exempt","value":"no"},{"id":269358,"key":"billing_cedula","value":"1234567890"},{"id":269362,"key":"_new_order_email_sent","value":"true"}],"line_items":[{"id":1176,"name":"Vereda Negra/Amarillo - 38","product_id":6039,"variation_id":6623,"quantity":1,"tax_class":"","subtotal":"18782","subtotal_tax":"0","total":"18782","total_tax":"0","taxes":[],"meta_data":[{"id":10414,"key":"pa_talla","value":"38","display_key":"talla","display_value":"38"},{"id":10415,"key":"pa_colores","value":"negro","display_key":"colores","display_value":"negro"}],"sku":"2409","price":18782,"parent_name":"Vereda Negra/Amarillo"}],"tax_lines":[],"shipping_lines":[{"id":1177,"method_title":"ANTIOQUIA","method_id":"apg_shipping","instance_id":"9","total":"5500","total_tax":"0","taxes":[],"meta_data":[]}],"fee_lines":[],"coupon_lines":[],"refunds":[],"date_created_gmt":"2021-04-08T02:35:29","date_modified_gmt":"2021-04-08T02:35:29","date_completed_gmt":null,"date_paid_gmt":null,"currency_symbol":"$","_links":{"self":[{"href":"https://detallistas.distrivenus.com/wp-json/wc/v3/orders/15067"}],"collection":[{"href":"https://detallistas.distrivenus.com/wp-json/wc/v3/orders"}],"customer":[{"href":"https://detallistas.distrivenus.com/wp-json/wc/v3/customers/1"}]}},{"id":15066,"parent_id":0,"status":"on-hold","currency":"COP","version":"5.1.0","prices_include_tax":false,"date_created":"2021-04-07T19:27:08","date_modified":"2021-04-07T19:27:08","discount_total":"0","discount_tax":"0","shipping_total":"5500","shipping_tax":"0","cart_tax":"0","total":"30400","total_tax":"0","customer_id":1,"order_key":"wc_order_aQmxRwBbPIB2O","billing":{"first_name":"anderson","last_name":"zapata","company":"","address_1":"calle 10","address_2":"","city":"Medellin","state":"ANT","postcode":"","country":"CO","email":"anderson@wearpump.com","phone":"57598384"},"shipping":{"first_name":"anderson","last_name":"zapata","company":"","address_1":"calle 10","address_2":"","city":"Medellin","state":"ANT","postcode":"","country":"CO"},"payment_method":"bacs","payment_method_title":"Transferencia bancaria directa","transaction_id":"","customer_ip_address":"179.12.223.145","customer_user_agent":"Mozilla/5.0 (Windows NT 10.0; Win64; x64) AppleWebKit/537.36 (KHTML, like Gecko) Chrome/89.0.4389.114 Safari/537.36","created_via":"checkout","customer_note":"","date_completed":null,"date_paid":null,"cart_hash":"fa252878b692fb1825905075b07a088c","number":"15066","meta_data":[{"id":269209,"key":"_billing_cedula","value":"1234567890"},{"id":269210,"key":"is_vat_exempt","value":"no"},{"id":269211,"key":"billing_cedula","value":"1234567890"},{"id":269215,"key":"_new_order_email_sent","value":"true"}],"line_items":[{"id":1174,"name":"Vereda Negra/Amarillo - 38","product_id":6039,"variation_id":6623,"quantity":1,"tax_class":"","subtotal":"24900","subtotal_tax":"0","total":"24900","total_tax":"0","taxes":[],"meta_data":[{"id":10398,"key":"pa_talla","value":"38","display_key":"talla","display_value":"38"},{"id":10399,"key":"pa_colores","value":"negro","display_key":"colores","display_value":"negro"}],"sku":"2409","price":24900,"parent_name":"Vereda Negra/Amarillo"}],"tax_lines":[],"shipping_lines":[{"id":1175,"method_title":"ANTIOQUIA","method_id":"apg_shipping","instance_id":"9","total":"5500","total_tax":"0","taxes":[],"meta_data":[]}],"fee_lines":[],"coupon_lines":[],"refunds":[],"date_created_gmt":"2021-04-08T00:27:08","date_modified_gmt":"2021-04-08T00:27:08","date_completed_gmt":null,"date_paid_gmt":null,"currency_symbol":"$","_links":{"self":[{"href":"https://detallistas.distrivenus.com/wp-json/wc/v3/orders/15066"}],"collection":[{"href":"https://detallistas.distrivenus.com/wp-json/wc/v3/orders"}],"customer":[{"href":"https://detallistas.distrivenus.com/wp-json/wc/v3/customers/1"}]}}]} 
[2021-04-15 11:08:35] local.INFO: Actualizar Inventario de  Productos Woocommerce {"Inventario actualizado de los siguientes productos":{"Illuminate\\Support\\Collection":[{"k_sc_codigo_articulo":"41369350076356","precioDistribuidor":8200.0,"precioMayorista":8600.0,"precioDetallista":11765.0,"n_saldo_actual":12.0,"ka_ni_grupo":162,"ss_descripcion_referente":"SANDALIAS HAVAIANAS TOP GRACIA ROSA BALLET 35"},{"k_sc_codigo_articulo":"41369350076378","precioDistribuidor":8200.0,"precioMayorista":8600.0,"precioDetallista":11765.0,"n_saldo_actual":4.0,"ka_ni_grupo":162,"ss_descripcion_referente":"SANDALIAS HAVAIANAS TOP GRACIA ROSA BALLET 37"},{"k_sc_codigo_articulo":"41369350076390","precioDistribuidor":8200.0,"precioMayorista":8600.0,"precioDetallista":11765.0,"n_saldo_actual":4.0,"ka_ni_grupo":162,"ss_descripcion_referente":"SANDALIAS HAVAIANAS TOP GRACIA ROSA BALLET 39"},{"k_sc_codigo_articulo":"41369350076412","precioDistribuidor":8200.0,"precioMayorista":8600.0,"precioDetallista":11765.0,"n_saldo_actual":1.0,"ka_ni_grupo":162,"ss_descripcion_referente":"SANDALIAS HAVAIANAS TOP GRACIA ROSA BALLET 41"},{"k_sc_codigo_articulo":"41232255178390","precioDistribuidor":8200.0,"precioMayorista":8600.0,"precioDetallista":15126.0,"n_saldo_actual":0.0,"ka_ni_grupo":162,"ss_descripcion_referente":"SAND. HAVAIANAS FLASH SWEET GRIS PLATA 39"},{"k_sc_codigo_articulo":"41232250090390","precioDistribuidor":8200.0,"precioMayorista":8600.0,"precioDetallista":15126.0,"n_saldo_actual":0.0,"ka_ni_grupo":162,"ss_descripcion_referente":"SAND. HAVAIANAS FLASH SWEET NEGRO 39"},{"k_sc_codigo_articulo":"54344","precioDistribuidor":21064.0,"precioMayorista":23217.0,"precioDetallista":30168.0,"n_saldo_actual":0.0,"ka_ni_grupo":130,"ss_descripcion_referente":"AND SUB JANA CR NG"},{"k_sc_codigo_articulo":"54345","precioDistribuidor":21064.0,"precioMayorista":23217.0,"precioDetallista":30168.0,"n_saldo_actual":0.0,"ka_ni_grupo":130,"ss_descripcion_referente":"AND SUB JANA CR NG"},{"k_sc_codigo_articulo":"54346","precioDistribuidor":21064.0,"precioMayorista":23217.0,"precioDetallista":30168.0,"n_saldo_actual":0.0,"ka_ni_grupo":130,"ss_descripcion_referente":"AND SUB JANA CR NG"},{"k_sc_codigo_articulo":"54347","precioDistribuidor":21064.0,"precioMayorista":23217.0,"precioDetallista":30168.0,"n_saldo_actual":0.0,"ka_ni_grupo":130,"ss_descripcion_referente":"AND SUB JANA CR NG"},{"k_sc_codigo_articulo":"54349","precioDistribuidor":21064.0,"precioMayorista":23217.0,"precioDetallista":30168.0,"n_saldo_actual":0.0,"ka_ni_grupo":130,"ss_descripcion_referente":"AND SUB JANA CR NG"},{"k_sc_codigo_articulo":"54551","precioDistribuidor":16650.0,"precioMayorista":18353.0,"precioDetallista":23866.0,"n_saldo_actual":1.0,"ka_ni_grupo":151,"ss_descripcion_referente":"BOTA STICKER  VELOCY NG AZ"},{"k_sc_codigo_articulo":"41754","precioDistribuidor":11563.0,"precioMayorista":12866.0,"precioDetallista":16723.0,"n_saldo_actual":0.0,"ka_ni_grupo":148,"ss_descripcion_referente":"CHANCLA HERA ALEXIA NG"},{"k_sc_codigo_articulo":"41755","precioDistribuidor":11563.0,"precioMayorista":12866.0,"precioDetallista":16723.0,"n_saldo_actual":0.0,"ka_ni_grupo":148,"ss_descripcion_referente":"CHANCLA HERA ALEXIA NG"},{"k_sc_codigo_articulo":"41757","precioDistribuidor":11563.0,"precioMayorista":12866.0,"precioDetallista":16723.0,"n_saldo_actual":0.0,"ka_ni_grupo":148,"ss_descripcion_referente":"CHANCLA HERA ALEXIA NG"},{"k_sc_codigo_articulo":"41760","precioDistribuidor":11563.0,"precioMayorista":12866.0,"precioDetallista":16723.0,"n_saldo_actual":0.0,"ka_ni_grupo":148,"ss_descripcion_referente":"CHANCLA HERA LUCIA TUR"},{"k_sc_codigo_articulo":"41763","precioDistribuidor":11563.0,"precioMayorista":12866.0,"precioDetallista":16723.0,"n_saldo_actual":0.0,"ka_ni_grupo":148,"ss_descripcion_referente":"CHANCLA HERA LUCIA TUR"},{"k_sc_codigo_articulo":"41765","precioDistribuidor":11563.0,"precioMayorista":12866.0,"precioDetallista":16723.0,"n_saldo_actual":0.0,"ka_ni_grupo":148,"ss_descripcion_referente":"CHANCLA HERA CELINA FS"},{"k_sc_codigo_articulo":"41766","precioDistribuidor":11563.0,"precioMayorista":12866.0,"precioDetallista":16723.0,"n_saldo_actual":0.0,"ka_ni_grupo":148,"ss_descripcion_referente":"CHANCLA HERA CELINA FS"},{"k_sc_codigo_articulo":"41767","precioDistribuidor":11563.0,"precioMayorista":12866.0,"precioDetallista":16723.0,"n_saldo_actual":0.0,"ka_ni_grupo":148,"ss_descripcion_referente":"CHANCLA HERA CELINA FS"},{"k_sc_codigo_articulo":"41768","precioDistribuidor":11563.0,"precioMayorista":12866.0,"precioDetallista":16723.0,"n_saldo_actual":0.0,"ka_ni_grupo":148,"ss_descripcion_referente":"CHANCLA HERA CELINA FS"},{"k_sc_codigo_articulo":"41772","precioDistribuidor":11563.0,"precioMayorista":12866.0,"precioDetallista":16723.0,"n_saldo_actual":2.0,"ka_ni_grupo":148,"ss_descripcion_referente":"CHANCLA HERA ELINA NG"},{"k_sc_codigo_articulo":"41773","precioDistribuidor":11563.0,"precioMayorista":12866.0,"precioDetallista":16723.0,"n_saldo_actual":2.0,"ka_ni_grupo":148,"ss_descripcion_referente":"CHANCLA HERA ELINA NG"},{"k_sc_codigo_articulo":"41774","precioDistribuidor":11563.0,"precioMayorista":12866.0,"precioDetallista":16723.0,"n_saldo_actual":2.0,"ka_ni_grupo":148,"ss_descripcion_referente":"CHANCLA HERA ELINA NG"},{"k_sc_codigo_articulo":"41775","precioDistribuidor":11563.0,"precioMayorista":12866.0,"precioDetallista":16723.0,"n_saldo_actual":1.0,"ka_ni_grupo":148,"ss_descripcion_referente":"CHANCLA HERA ELINA NG"},{"k_sc_codigo_articulo":"41776","precioDistribuidor":11563.0,"precioMayorista":12866.0,"precioDetallista":16723.0,"n_saldo_actual":0.0,"ka_ni_grupo":148,"ss_descripcion_referente":"CHANCLA HERA ELINA NG"},{"k_sc_codigo_articulo":"41778","precioDistribuidor":11563.0,"precioMayorista":12866.0,"precioDetallista":16723.0,"n_saldo_actual":1.0,"ka_ni_grupo":148,"ss_descripcion_referente":"CHANCLA HERA ELINA NG"},{"k_sc_codigo_articulo":"42680","precioDistribuidor":12800.0,"precioMayorista":14159.0,"precioDetallista":18403.0,"n_saldo_actual":0.0,"ka_ni_grupo":148,"ss_descripcion_referente":"CHANCLA PAIDI PUE VR AZ"},{"k_sc_codigo_articulo":"42681","precioDistribuidor":12800.0,"precioMayorista":14159.0,"precioDetallista":18403.0,"n_saldo_actual":0.0,"ka_ni_grupo":148,"ss_descripcion_referente":"CHANCLA PAIDI PUE VR AZ"},{"k_sc_codigo_articulo":"42682","precioDistribuidor":12800.0,"precioMayorista":14159.0,"precioDetallista":18403.0,"n_saldo_actual":0.0,"ka_ni_grupo":148,"ss_descripcion_referente":"CHANCLA PAIDI PUE VR AZ"},{"k_sc_codigo_articulo":"42692","precioDistribuidor":12800.0,"precioMayorista":14159.0,"precioDetallista":18403.0,"n_saldo_actual":0.0,"ka_ni_grupo":148,"ss_descripcion_referente":"CHANCLA PAIDI PUE AZ AZ"},{"k_sc_codigo_articulo":"42693","precioDistribuidor":12800.0,"precioMayorista":14159.0,"precioDetallista":18403.0,"n_saldo_actual":0.0,"ka_ni_grupo":148,"ss_descripcion_referente":"CHANCLA PAIDI PUE AZ AZ"},{"k_sc_codigo_articulo":"42696","precioDistribuidor":12800.0,"precioMayorista":14159.0,"precioDetallista":18403.0,"n_saldo_actual":0.0,"ka_ni_grupo":148,"ss_descripcion_referente":"CHANCLA PAIDI PUE FS TR"},{"k_sc_codigo_articulo":"42697","precioDistribuidor":12800.0,"precioMayorista":14159.0,"precioDetallista":18403.0,"n_saldo_actual":0.0,"ka_ni_grupo":148,"ss_descripcion_referente":"CHANCLA PAIDI PUE FS TR"},{"k_sc_codigo_articulo":"42698","precioDistribuidor":12800.0,"precioMayorista":14159.0,"precioDetallista":18403.0,"n_saldo_actual":0.0,"ka_ni_grupo":148,"ss_descripcion_referente":"CHANCLA PAIDI PUE FS TR"},{"k_sc_codigo_articulo":"42699","precioDistribuidor":12800.0,"precioMayorista":14159.0,"precioDetallista":18403.0,"n_saldo_actual":0.0,"ka_ni_grupo":148,"ss_descripcion_referente":"CHANCLA PAIDI PUE FS TR"},{"k_sc_codigo_articulo":"42700","precioDistribuidor":12800.0,"precioMayorista":14159.0,"precioDetallista":18403.0,"n_saldo_actual":0.0,"ka_ni_grupo":148,"ss_descripcion_referente":"CHANCLA PAIDI PUE FS TR"},{"k_sc_codigo_articulo":"42708","precioDistribuidor":12800.0,"precioMayorista":14159.0,"precioDetallista":18403.0,"n_saldo_actual":0.0,"ka_ni_grupo":148,"ss_descripcion_referente":"CHANCLA PAIDI PUE VL VL"},{"k_sc_codigo_articulo":"42709","precioDistribuidor":12800.0,"precioMayorista":14159.0,"precioDetallista":18403.0,"n_saldo_actual":0.0,"ka_ni_grupo":148,"ss_descripcion_referente":"CHANCLA PAIDI PUE VL VL"},{"k_sc_codigo_articulo":"42710","precioDistribuidor":12800.0,"precioMayorista":14159.0,"precioDetallista":18403.0,"n_saldo_actual":0.0,"ka_ni_grupo":148,"ss_descripcion_referente":"CHANCLA PAIDI PUE VL VL"},{"k_sc_codigo_articulo":"331-5-42","precioDistribuidor":49500.0,"precioMayorista":53000.0,"precioDetallista":58832.0,"n_saldo_actual":0.0,"ka_ni_grupo":162,"ss_descripcion_referente":"BOTA CENTAURO SIENA"},{"k_sc_codigo_articulo":"103-02-42","precioDistribuidor":6200.0,"precioMayorista":6700.0,"precioDetallista":10084.0,"n_saldo_actual":1.0,"ka_ni_grupo":162,"ss_descripcion_referente":"CHANCLA COOL HOMBRE AZUL"},{"k_sc_codigo_articulo":"41942","precioDistribuidor":19429.0,"precioMayorista":21416.0,"precioDetallista":28151.0,"n_saldo_actual":0.0,"ka_ni_grupo":107,"ss_descripcion_referente":"ZES NUEVO BAJ NG BL"},{"k_sc_codigo_articulo":"2152","precioDistribuidor":22396.0,"precioMayorista":24684.0,"precioDetallista":31933.0,"n_saldo_actual":16.0,"ka_ni_grupo":130,"ss_descripcion_referente":"LLANERA N/A"},{"k_sc_codigo_articulo":"2153","precioDistribuidor":22396.0,"precioMayorista":24684.0,"precioDetallista":31933.0,"n_saldo_actual":3.0,"ka_ni_grupo":130,"ss_descripcion_referente":"LLANERA N/A"},{"k_sc_codigo_articulo":"2154","precioDistribuidor":22396.0,"precioMayorista":24684.0,"precioDetallista":31933.0,"n_saldo_actual":2.0,"ka_ni_grupo":130,"ss_descripcion_referente":"LLANERA N/A"},{"k_sc_codigo_articulo":"41924","precioDistribuidor":12921.0,"precioMayorista":14243.0,"precioDetallista":21933.0,"n_saldo_actual":17.0,"ka_ni_grupo":107,"ss_descripcion_referente":"ZES NUEVO BAJ NG BL"},{"k_sc_codigo_articulo":"41925","precioDistribuidor":12921.0,"precioMayorista":14243.0,"precioDetallista":21933.0,"n_saldo_actual":4.0,"ka_ni_grupo":107,"ss_descripcion_referente":"ZES NUEVO BAJ NG BL"},{"k_sc_codigo_articulo":"41926","precioDistribuidor":12921.0,"precioMayorista":14243.0,"precioDetallista":21933.0,"n_saldo_actual":5.0,"ka_ni_grupo":107,"ss_descripcion_referente":"ZES NUEVO BAJ NG BL"},{"k_sc_codigo_articulo":"41927","precioDistribuidor":12921.0,"precioMayorista":14243.0,"precioDetallista":21933.0,"n_saldo_actual":5.0,"ka_ni_grupo":107,"ss_descripcion_referente":"ZES NUEVO BAJ NG BL"},{"k_sc_codigo_articulo":"41928","precioDistribuidor":12921.0,"precioMayorista":14243.0,"precioDetallista":21933.0,"n_saldo_actual":0.0,"ka_ni_grupo":107,"ss_descripcion_referente":"ZES NUEVO BAJ NG BL"},{"k_sc_codigo_articulo":"41929","precioDistribuidor":12921.0,"precioMayorista":14243.0,"precioDetallista":21933.0,"n_saldo_actual":0.0,"ka_ni_grupo":107,"ss_descripcion_referente":"ZES NUEVO BAJ NG BL"},{"k_sc_codigo_articulo":"6628222829","precioDistribuidor":37500.0,"precioMayorista":40000.0,"precioDetallista":80000.0,"n_saldo_actual":1.0,"ka_ni_grupo":166,"ss_descripcion_referente":null},{"k_sc_codigo_articulo":"6628222828","precioDistribuidor":37500.0,"precioMayorista":40000.0,"precioDetallista":80000.0,"n_saldo_actual":5.0,"ka_ni_grupo":166,"ss_descripcion_referente":null},{"k_sc_codigo_articulo":"42711","precioDistribuidor":12800.0,"precioMayorista":14159.0,"precioDetallista":18403.0,"n_saldo_actual":0.0,"ka_ni_grupo":148,"ss_descripcion_referente":"CHANCLA PAIDI PUE VL VL"},{"k_sc_codigo_articulo":"42712","precioDistribuidor":12800.0,"precioMayorista":14159.0,"precioDetallista":18403.0,"n_saldo_actual":0.0,"ka_ni_grupo":148,"ss_descripcion_referente":"CHANCLA PAIDI PUE VL VL"},{"k_sc_codigo_articulo":"54381","precioDistribuidor":21064.0,"precioMayorista":23217.0,"precioDetallista":30168.0,"n_saldo_actual":1.0,"ka_ni_grupo":130,"ss_descripcion_referente":"AND SUB VERA CR AZ"},{"k_sc_codigo_articulo":"54384","precioDistribuidor":21064.0,"precioMayorista":23217.0,"precioDetallista":26470.58,"n_saldo_actual":3.0,"ka_ni_grupo":130,"ss_descripcion_referente":"AND SUB VERA CR AZ"},{"k_sc_codigo_articulo":"51830","precioDistribuidor":18800.0,"precioMayorista":20625.0,"precioDetallista":26807.0,"n_saldo_actual":2.0,"ka_ni_grupo":107,"ss_descripcion_referente":"REX PSD NG NG"}]}} 
